<?xml version="1.0" encoding="UTF-8"?>
<!-- Generated by org.testng.reporters.JUnitReportReporter -->
<testsuite hostname="DESKTOP-4OF08PT" failures="0" tests="5" name="testNg.TestNgClassTwo" time="0.097" errors="0" timestamp="26 Sep 2019 17:18:42 GMT">
  <testcase classname="testNg.TestNgClassTwo" name="testFive" time="0.023"/>
  <testcase classname="testNg.TestNgClassTwo" name="testOne" time="0.005"/>
  <testcase classname="testNg.TestNgClassTwo" name="testThree" time="0.012"/>
  <testcase classname="testNg.TestNgClassTwo" name="testFours" time="0.021"/>
  <testcase classname="testNg.TestNgClassTwo" name="testTwo" time="0.036"/>
</testsuite> <!-- testNg.TestNgClassTwo -->
