<?xml version="1.0" encoding="UTF-8"?>
<!-- Generated by org.testng.reporters.JUnitReportReporter -->
<testsuite hostname="DESKTOP-4OF08PT" failures="0" tests="5" name="testNg.TestNg" time="0.085" errors="0" timestamp="26 Sep 2019 17:18:42 GMT">
  <testcase classname="testNg.TestNg" name="testFours" time="0.033"/>
  <testcase classname="testNg.TestNg" name="testFive" time="0.024"/>
  <testcase classname="testNg.TestNg" name="runGroupBy" time="0.004"/>
  <testcase classname="testNg.TestNg" name="testTwo" time="0.015"/>
  <testcase classname="testNg.TestNg" name="testThree" time="0.009"/>
</testsuite> <!-- testNg.TestNg -->
